<?xml version='1.0' encoding='UTF-8'?>
<testsuite hostname="24santoshr" name="de.upb.cs.swt.delphi.instanceregistry.RequestHandlerTest" tests="26" errors="0" failures="0" skipped="0" time="0.824" timestamp="2020-05-26T05:21:57">
                     <properties>
[...]
</properties>
                     <testcase classname="de.upb.cs.swt.delphi.instanceregistry.RequestHandlerTest" name="The RequestHandler must assign new IDs to instances regardless of their actual id" time="0.006">
                                                 
                                               </testcase><testcase classname="de.upb.cs.swt.delphi.instanceregistry.RequestHandlerTest" name="The RequestHandler must ignore the dockerId and instanceState on registration" time="0.002">
                                                 
                                               </testcase><testcase classname="de.upb.cs.swt.delphi.instanceregistry.RequestHandlerTest" name="The RequestHandler must store name, host, port and type of the registering instance" time="0.003">
                                                 
                                               </testcase><testcase classname="de.upb.cs.swt.delphi.instanceregistry.RequestHandlerTest" name="The RequestHandler must validate preconditions on deregister" time="0.032">
                                                 
                                               </testcase><testcase classname="de.upb.cs.swt.delphi.instanceregistry.RequestHandlerTest" name="The RequestHandler must successfully deregister an instance that meets the required preconditions" time="0.005">
                                                 
                                               </testcase><testcase classname="de.upb.cs.swt.delphi.instanceregistry.RequestHandlerTest" name="The RequestHandler must validate the id before applying a matching result" time="0.001">
                                                 
                                               </testcase><testcase classname="de.upb.cs.swt.delphi.instanceregistry.RequestHandlerTest" name="The RequestHandler must change the instance state when matching results are applied" time="0.028">
                                                 
                                               </testcase><testcase classname="de.upb.cs.swt.delphi.instanceregistry.RequestHandlerTest" name="The RequestHandler must not change the instance state on invalid state transitions" time="0.016">
                                                 
                                               </testcase><testcase classname="de.upb.cs.swt.delphi.instanceregistry.RequestHandlerTest" name="The RequestHandler must validate preconditions on report operations" time="0.004">
                                                 
                                               </testcase><testcase classname="de.upb.cs.swt.delphi.instanceregistry.RequestHandlerTest" name="The RequestHandler must change the state on reportStart" time="0.017">
                                                 
                                               </testcase><testcase classname="de.upb.cs.swt.delphi.instanceregistry.RequestHandlerTest" name="The RequestHandler must change states only for valid state transitions on reportStop" time="0.006">
                                                 
                                               </testcase><testcase classname="de.upb.cs.swt.delphi.instanceregistry.RequestHandlerTest" name="The RequestHandler must change the state on reportFailure" time="0.014">
                                                 
                                               </testcase><testcase classname="de.upb.cs.swt.delphi.instanceregistry.RequestHandlerTest" name="The RequestHandler must validate preconditions on handlePause" time="0.004">
                                                 
                                               </testcase><testcase classname="de.upb.cs.swt.delphi.instanceregistry.RequestHandlerTest" name="The RequestHandler must validate preconditions on handleResume" time="0.01">
                                                 
                                               </testcase><testcase classname="de.upb.cs.swt.delphi.instanceregistry.RequestHandlerTest" name="The RequestHandler must validate preconditions on handleStop" time="0.001">
                                                 
                                               </testcase><testcase classname="de.upb.cs.swt.delphi.instanceregistry.RequestHandlerTest" name="The RequestHandler must validate preconditions on handleStart" time="0.007">
                                                 
                                               </testcase><testcase classname="de.upb.cs.swt.delphi.instanceregistry.RequestHandlerTest" name="The RequestHandler must not change the state of the instance on handleStart" time="0.238">
                                                 
                                               </testcase><testcase classname="de.upb.cs.swt.delphi.instanceregistry.RequestHandlerTest" name="The RequestHandler must validate preconditions on handleDeleteContainer" time="0.151">
                                                 
                                               </testcase><testcase classname="de.upb.cs.swt.delphi.instanceregistry.RequestHandlerTest" name="The RequestHandler must remove instances on handleDeleteContainer" time="0.03">
                                                 
                                               </testcase><testcase classname="de.upb.cs.swt.delphi.instanceregistry.RequestHandlerTest" name="The RequestHandler must not add two default ES instances on initializing" time="0.017">
                                                 
                                               </testcase><testcase classname="de.upb.cs.swt.delphi.instanceregistry.RequestHandlerTest" name="The RequestHandler must validate preconditions before adding a label" time="0.03">
                                                 
                                               </testcase><testcase classname="de.upb.cs.swt.delphi.instanceregistry.RequestHandlerTest" name="The RequestHandler must validate preconditions before creating a link" time="0.006">
                                                 
                                               </testcase><testcase classname="de.upb.cs.swt.delphi.instanceregistry.RequestHandlerTest" name="The RequestHandler must validate preconditions before assigning new dependencies" time="0.026">
                                                 
                                               </testcase><testcase classname="de.upb.cs.swt.delphi.instanceregistry.RequestHandlerTest" name="The RequestHandler must not match to any instance if no instance of requested type is present" time="0.065">
                                                 
                                               </testcase><testcase classname="de.upb.cs.swt.delphi.instanceregistry.RequestHandlerTest" name="The RequestHandler must rank assigned links higher than shared labels in matching" time="0.048">
                                                 
                                               </testcase><testcase classname="de.upb.cs.swt.delphi.instanceregistry.RequestHandlerTest" name="The RequestHandler must match to instance with most consecutive positive matching results in fallback matching" time="0.057">
                                                 
                                               </testcase>
                     <system-out><![CDATA[]]></system-out>
                     <system-err><![CDATA[]]></system-err>
                   </testsuite>