<?xml version='1.0' encoding='UTF-8'?>
<testsuite hostname="24santoshr" name="de.upb.cs.swt.delphi.instanceregistry.daos.DatabaseInstanceDAOTest" tests="20" errors="0" failures="0" skipped="0" time="1.846" timestamp="2020-05-26T05:21:54">
                     <properties>
[...]
</properties>
                     <testcase classname="de.upb.cs.swt.delphi.instanceregistry.daos.DatabaseInstanceDAOTest" name="The instance DAO must be able to add an get an instance with a new id" time="0.303">
                                                 
                                               </testcase><testcase classname="de.upb.cs.swt.delphi.instanceregistry.daos.DatabaseInstanceDAOTest" name="The instance DAO must not assign unique ids ignoring the ones provided by the parameter" time="0.122">
                                                 
                                               </testcase><testcase classname="de.upb.cs.swt.delphi.instanceregistry.daos.DatabaseInstanceDAOTest" name="The instance DAO must return true on hasInstance for any present id" time="0.02">
                                                 
                                               </testcase><testcase classname="de.upb.cs.swt.delphi.instanceregistry.daos.DatabaseInstanceDAOTest" name="The instance DAO must return false on hasInstance for any id not present" time="0.022">
                                                 
                                               </testcase><testcase classname="de.upb.cs.swt.delphi.instanceregistry.daos.DatabaseInstanceDAOTest" name="The instance DAO must return instances with the correct id on getInstance" time="0.075">
                                                 
                                               </testcase><testcase classname="de.upb.cs.swt.delphi.instanceregistry.daos.DatabaseInstanceDAOTest" name="The instance DAO must return instance with the correct type on getInstanceOfType" time="0.04">
                                                 
                                               </testcase><testcase classname="de.upb.cs.swt.delphi.instanceregistry.daos.DatabaseInstanceDAOTest" name="The instance DAO must Successfully added the Instance matching result" time="0.042">
                                                 
                                               </testcase><testcase classname="de.upb.cs.swt.delphi.instanceregistry.daos.DatabaseInstanceDAOTest" name="The instance DAO must have an empty list of matching results for newly added instances" time="0.083">
                                                 
                                               </testcase><testcase classname="de.upb.cs.swt.delphi.instanceregistry.daos.DatabaseInstanceDAOTest" name="The instance DAO must keep the correct order of matching results posted" time="0.145">
                                                 
                                               </testcase><testcase classname="de.upb.cs.swt.delphi.instanceregistry.daos.DatabaseInstanceDAOTest" name="The instance DAO must remove the matching results when the instance is removed" time="0.061">
                                                 
                                               </testcase><testcase classname="de.upb.cs.swt.delphi.instanceregistry.daos.DatabaseInstanceDAOTest" name="The instance DAO must be able to change the state for arbitrary state transitions" time="0.095">
                                                 
                                               </testcase><testcase classname="de.upb.cs.swt.delphi.instanceregistry.daos.DatabaseInstanceDAOTest" name="The instance DAO must fail when setting state for invalid ids" time="0.011">
                                                 
                                               </testcase><testcase classname="de.upb.cs.swt.delphi.instanceregistry.daos.DatabaseInstanceDAOTest" name="The instance DAO must fail to get docker ids from instances without any docker id" time="0.035">
                                                 
                                               </testcase><testcase classname="de.upb.cs.swt.delphi.instanceregistry.daos.DatabaseInstanceDAOTest" name="The instance DAO must return the correct docker ids for instances with a docker id" time="0.062">
                                                 
                                               </testcase><testcase classname="de.upb.cs.swt.delphi.instanceregistry.daos.DatabaseInstanceDAOTest" name="The instance DAO must add events only to instances that have been registered" time="0.313">
                                                 
                                               </testcase><testcase classname="de.upb.cs.swt.delphi.instanceregistry.daos.DatabaseInstanceDAOTest" name="The instance DAO must verify the presence of instance ids when a link is added" time="0.056">
                                                 
                                               </testcase><testcase classname="de.upb.cs.swt.delphi.instanceregistry.daos.DatabaseInstanceDAOTest" name="The instance DAO must update old links in state 'Assigned' on adding a new assigned link" time="0.176">
                                                 
                                               </testcase><testcase classname="de.upb.cs.swt.delphi.instanceregistry.daos.DatabaseInstanceDAOTest" name="The instance DAO must remove instances that are present in the DAO" time="0.119">
                                                 
                                               </testcase><testcase classname="de.upb.cs.swt.delphi.instanceregistry.daos.DatabaseInstanceDAOTest" name="The instance DAO must not change the data on removing invalid IDs" time="0.03">
                                                 
                                               </testcase><testcase classname="de.upb.cs.swt.delphi.instanceregistry.daos.DatabaseInstanceDAOTest" name="The instance DAO must remove all instance on removeAll" time="0.036">
                                                 
                                               </testcase>
                     <system-out><![CDATA[]]></system-out>
                     <system-err><![CDATA[]]></system-err>
                   </testsuite>